2022-02-06 20:27:03,336 INFO :: Debugging
2022-02-06 20:27:03,352 WARNING :: Warnings
2022-02-06 20:27:03,352 ERROR :: Errors
2022-02-06 20:33:50,396 INFO :: Debugging
2022-02-06 20:33:50,396 WARNING :: Warnings
2022-02-06 20:33:50,396 ERROR :: Errors
2022-02-07 01:09:11,079 INFO :: Binance Futures Client successfully Initialized
2022-02-07 01:09:53,407 INFO :: Binance Futures Client successfully Initialized
2022-02-07 01:16:33,906 INFO :: Binance Futures Client successfully Initialized
2022-02-07 01:16:41,510 INFO :: Binance Futures Client successfully Initialized
2022-02-07 01:19:23,662 INFO :: Binance Futures Client successfully Initialized
2022-02-07 01:20:54,533 INFO :: Binance Futures Client successfully Initialized
2022-02-07 01:22:32,077 INFO :: Binance Futures Client successfully Initialized
2022-02-07 01:22:38,044 INFO :: Binance Futures Client successfully Initialized
2022-02-07 01:22:55,604 INFO :: Binance Futures Client successfully Initialized
2022-02-07 01:23:48,484 INFO :: Binance Futures Client successfully Initialized
2022-02-07 01:23:58,780 INFO :: Binance Futures Client successfully Initialized
2022-02-07 01:24:01,232 INFO :: Binance Futures Client successfully Initialized
2022-02-07 01:24:03,763 INFO :: Binance Futures Client successfully Initialized
2022-02-07 01:24:06,263 INFO :: Binance Futures Client successfully Initialized
2022-02-07 01:24:28,742 INFO :: Binance Futures Client successfully Initialized
2022-02-07 01:25:00,573 INFO :: Binance Futures Client successfully Initialized
2022-02-07 01:26:17,647 INFO :: Binance Futures Client successfully Initialized
2022-02-07 01:27:22,079 INFO :: Binance Futures Client successfully Initialized
2022-02-07 01:27:48,149 INFO :: Binance Futures Client successfully Initialized
2022-02-07 01:30:11,718 INFO :: Binance Futures Client successfully Initialized
2022-02-07 01:30:31,689 INFO :: Binance Futures Client successfully Initialized
2022-02-07 01:30:58,875 INFO :: Binance Futures Client successfully Initialized
2022-02-09 22:17:46,787 INFO :: Binance Futures Client successfully Initialized
2022-02-09 22:17:47,354 ERROR :: Error while making GET request to /fapi/v1/account:{'code': -1021, 'msg': "Timestamp for this request was 1000ms ahead of the server's time."} (Error Code:400)
2022-02-09 22:18:25,888 INFO :: Binance Futures Client successfully Initialized
2022-02-09 22:18:26,405 ERROR :: Error while making GET request to /fapi/v1/account:{'code': -1021, 'msg': "Timestamp for this request was 1000ms ahead of the server's time."} (Error Code:400)
2022-02-09 22:18:44,791 INFO :: Binance Futures Client successfully Initialized
2022-02-09 22:18:45,398 ERROR :: Error while making GET request to /fapi/v1/account:{'code': -1021, 'msg': "Timestamp for this request was 1000ms ahead of the server's time."} (Error Code:400)
2022-02-09 22:25:37,271 INFO :: Binance Futures Client successfully Initialized
2022-02-09 22:40:07,416 INFO :: Binance Futures Client successfully Initialized
2022-02-09 22:41:52,104 INFO :: Binance Futures Client successfully Initialized
2022-02-09 22:42:37,362 INFO :: Binance Futures Client successfully Initialized
2022-02-09 22:43:11,590 INFO :: Binance Futures Client successfully Initialized
2022-02-09 22:44:24,551 INFO :: Binance Futures Client successfully Initialized
2022-03-01 18:19:20,538 INFO :: Binance connection opened
2022-03-01 18:19:40,559 ERROR :: Binance connection error: 
2022-03-01 18:19:40,669 ERROR :: error from callback <bound method BinanceFuturesClient.on_close of <connectors.binance_futures.BinanceFuturesClient object at 0x0000024311D8B9D0>>: BinanceFuturesClient.on_close() takes 2 positional arguments but 4 were given
2022-03-01 18:19:40,669 ERROR :: Binance connection error: BinanceFuturesClient.on_close() takes 2 positional arguments but 4 were given
2022-03-01 18:19:40,673 INFO :: Binance Futures Client successfully Initialized
2022-03-01 18:28:03,252 INFO :: Binance Futures Client successfully Initialized
2022-03-01 18:28:03,925 INFO :: Binance connection opened
2022-03-02 10:32:20,178 INFO :: Binance Futures Client successfully Initialized
2022-03-02 10:32:21,533 INFO :: Binance connection opened
2022-03-02 10:38:01,159 INFO :: Binance Futures Client successfully Initialized
2022-03-02 10:38:02,139 INFO :: Binance connection opened
2022-03-02 10:39:34,222 INFO :: Binance Futures Client successfully Initialized
2022-03-02 10:39:34,884 INFO :: Binance connection opened
2022-03-19 10:35:07,452 INFO :: Binance Futures Client successfully Initialized
2022-03-19 10:35:08,735 INFO :: Binance connection opened
2022-03-19 10:35:08,735 ERROR :: error from callback <bound method BinanceFuturesClient.on_open of <connectors.binance_futures.BinanceFuturesClient object at 0x000002BC12D40040>>: 'str' object has no attribute 'symbol'
2022-03-19 10:35:08,735 ERROR :: Binance connection error: 'str' object has no attribute 'symbol'
2022-03-19 11:24:08,935 ERROR :: Binance connection error: Connection to remote host was lost.
2022-03-19 11:24:08,936 ERROR :: error from callback <bound method BinanceFuturesClient.on_close of <connectors.binance_futures.BinanceFuturesClient object at 0x000002BC12D40040>>: BinanceFuturesClient.on_close() takes 2 positional arguments but 4 were given
2022-03-19 11:24:08,936 ERROR :: Binance connection error: BinanceFuturesClient.on_close() takes 2 positional arguments but 4 were given
2022-03-19 11:24:52,579 INFO :: Binance Futures Client successfully Initialized
2022-03-19 11:24:53,516 INFO :: Binance connection opened
2022-03-19 11:24:53,516 ERROR :: error from callback <bound method BinanceFuturesClient.on_open of <connectors.binance_futures.BinanceFuturesClient object at 0x0000020D64276080>>: 'str' object has no attribute 'symbol'
2022-03-19 11:24:53,516 ERROR :: Binance connection error: 'str' object has no attribute 'symbol'
2022-03-29 21:13:21,489 INFO :: Binance Futures Client successfully Initialized
2022-03-29 21:13:22,863 INFO :: Binance connection opened
2022-03-29 21:13:22,863 ERROR :: error from callback <bound method BinanceFuturesClient.on_open of <connectors.binance_futures.BinanceFuturesClient object at 0x00000158167165F0>>: 'str' object has no attribute 'symbol'
2022-03-29 21:13:22,863 ERROR :: Binance connection error: 'str' object has no attribute 'symbol'
2022-03-29 21:22:10,965 INFO :: Binance Futures Client successfully Initialized
2022-03-29 21:22:11,636 INFO :: Binance connection opened
2022-03-29 21:22:11,636 ERROR :: error from callback <bound method BinanceFuturesClient.on_open of <connectors.binance_futures.BinanceFuturesClient object at 0x000001E977DF6410>>: 'str' object has no attribute 'symbol'
2022-03-29 21:22:11,636 ERROR :: Binance connection error: 'str' object has no attribute 'symbol'
2022-03-30 22:11:39,682 INFO :: Binance Futures Client successfully Initialized
2022-03-30 22:11:41,164 INFO :: Binance connection opened
2022-04-03 11:41:37,105 ERROR :: Binance error in run_forever() method: 'NoneType' object has no attribute 'run_forever'
2022-04-03 11:41:37,106 INFO :: Binance Futures Client successfully Initialized
2022-04-03 11:41:39,118 ERROR :: Binance error in run_forever() method: 'NoneType' object has no attribute 'run_forever'
2022-04-03 11:41:41,124 ERROR :: Binance error in run_forever() method: 'NoneType' object has no attribute 'run_forever'
2022-04-03 11:41:43,137 ERROR :: Binance error in run_forever() method: 'NoneType' object has no attribute 'run_forever'
2022-04-03 11:41:45,153 ERROR :: Binance error in run_forever() method: 'NoneType' object has no attribute 'run_forever'
2022-04-03 11:41:47,160 ERROR :: Binance error in run_forever() method: 'NoneType' object has no attribute 'run_forever'
2022-04-03 11:41:49,168 ERROR :: Binance error in run_forever() method: 'NoneType' object has no attribute 'run_forever'
2022-04-03 11:41:51,194 ERROR :: Binance error in run_forever() method: 'NoneType' object has no attribute 'run_forever'
2022-04-03 11:41:53,209 ERROR :: Binance error in run_forever() method: 'NoneType' object has no attribute 'run_forever'
2022-04-03 11:41:55,214 ERROR :: Binance error in run_forever() method: 'NoneType' object has no attribute 'run_forever'
2022-04-03 11:41:57,227 ERROR :: Binance error in run_forever() method: 'NoneType' object has no attribute 'run_forever'
2022-04-03 11:41:59,238 ERROR :: Binance error in run_forever() method: 'NoneType' object has no attribute 'run_forever'
2022-04-03 11:42:01,249 ERROR :: Binance error in run_forever() method: 'NoneType' object has no attribute 'run_forever'
2022-04-03 11:42:03,260 ERROR :: Binance error in run_forever() method: 'NoneType' object has no attribute 'run_forever'
2022-04-03 11:42:05,274 ERROR :: Binance error in run_forever() method: 'NoneType' object has no attribute 'run_forever'
2022-04-03 11:42:07,290 ERROR :: Binance error in run_forever() method: 'NoneType' object has no attribute 'run_forever'
2022-04-03 11:42:09,295 ERROR :: Binance error in run_forever() method: 'NoneType' object has no attribute 'run_forever'
2022-04-03 11:42:11,301 ERROR :: Binance error in run_forever() method: 'NoneType' object has no attribute 'run_forever'
2022-04-03 11:42:13,302 ERROR :: Binance error in run_forever() method: 'NoneType' object has no attribute 'run_forever'
2022-04-03 11:42:15,313 ERROR :: Binance error in run_forever() method: 'NoneType' object has no attribute 'run_forever'
2022-04-03 11:42:17,319 ERROR :: Binance error in run_forever() method: 'NoneType' object has no attribute 'run_forever'
2022-04-03 11:42:19,323 ERROR :: Binance error in run_forever() method: 'NoneType' object has no attribute 'run_forever'
2022-04-03 11:42:21,336 ERROR :: Binance error in run_forever() method: 'NoneType' object has no attribute 'run_forever'
2022-04-03 11:42:23,347 ERROR :: Binance error in run_forever() method: 'NoneType' object has no attribute 'run_forever'
2022-04-03 11:42:25,362 ERROR :: Binance error in run_forever() method: 'NoneType' object has no attribute 'run_forever'
2022-04-03 11:42:27,371 ERROR :: Binance error in run_forever() method: 'NoneType' object has no attribute 'run_forever'
2022-04-03 11:42:29,381 ERROR :: Binance error in run_forever() method: 'NoneType' object has no attribute 'run_forever'
2022-04-03 11:42:31,383 ERROR :: Binance error in run_forever() method: 'NoneType' object has no attribute 'run_forever'
2022-04-03 11:42:33,389 ERROR :: Binance error in run_forever() method: 'NoneType' object has no attribute 'run_forever'
2022-04-03 11:42:35,401 ERROR :: Binance error in run_forever() method: 'NoneType' object has no attribute 'run_forever'
2022-04-03 11:42:37,417 ERROR :: Binance error in run_forever() method: 'NoneType' object has no attribute 'run_forever'
2022-04-03 11:42:39,424 ERROR :: Binance error in run_forever() method: 'NoneType' object has no attribute 'run_forever'
2022-04-03 11:42:41,430 ERROR :: Binance error in run_forever() method: 'NoneType' object has no attribute 'run_forever'
2022-04-03 11:42:43,437 ERROR :: Binance error in run_forever() method: 'NoneType' object has no attribute 'run_forever'
2022-04-03 11:42:45,441 ERROR :: Binance error in run_forever() method: 'NoneType' object has no attribute 'run_forever'
2022-04-03 11:42:47,452 ERROR :: Binance error in run_forever() method: 'NoneType' object has no attribute 'run_forever'
2022-04-03 11:42:49,461 ERROR :: Binance error in run_forever() method: 'NoneType' object has no attribute 'run_forever'
2022-04-03 11:42:51,471 ERROR :: Binance error in run_forever() method: 'NoneType' object has no attribute 'run_forever'
2022-04-03 11:42:53,481 ERROR :: Binance error in run_forever() method: 'NoneType' object has no attribute 'run_forever'
2022-04-03 11:42:55,487 ERROR :: Binance error in run_forever() method: 'NoneType' object has no attribute 'run_forever'
2022-04-03 11:42:57,492 ERROR :: Binance error in run_forever() method: 'NoneType' object has no attribute 'run_forever'
2022-04-03 11:42:59,501 ERROR :: Binance error in run_forever() method: 'NoneType' object has no attribute 'run_forever'
2022-04-03 11:43:01,504 ERROR :: Binance error in run_forever() method: 'NoneType' object has no attribute 'run_forever'
2022-04-03 11:43:03,520 ERROR :: Binance error in run_forever() method: 'NoneType' object has no attribute 'run_forever'
2022-04-03 11:43:05,522 ERROR :: Binance error in run_forever() method: 'NoneType' object has no attribute 'run_forever'
2022-04-03 11:43:07,530 ERROR :: Binance error in run_forever() method: 'NoneType' object has no attribute 'run_forever'
2022-04-03 11:43:09,545 ERROR :: Binance error in run_forever() method: 'NoneType' object has no attribute 'run_forever'
2022-04-03 11:43:11,561 ERROR :: Binance error in run_forever() method: 'NoneType' object has no attribute 'run_forever'
2022-04-03 11:43:13,566 ERROR :: Binance error in run_forever() method: 'NoneType' object has no attribute 'run_forever'
2022-04-03 11:43:15,576 ERROR :: Binance error in run_forever() method: 'NoneType' object has no attribute 'run_forever'
2022-04-03 11:43:17,592 ERROR :: Binance error in run_forever() method: 'NoneType' object has no attribute 'run_forever'
2022-04-03 11:43:19,596 ERROR :: Binance error in run_forever() method: 'NoneType' object has no attribute 'run_forever'
2022-04-03 11:43:21,601 ERROR :: Binance error in run_forever() method: 'NoneType' object has no attribute 'run_forever'
2022-04-03 11:43:23,610 ERROR :: Binance error in run_forever() method: 'NoneType' object has no attribute 'run_forever'
2022-04-03 11:43:25,612 ERROR :: Binance error in run_forever() method: 'NoneType' object has no attribute 'run_forever'
2022-04-03 11:43:27,615 ERROR :: Binance error in run_forever() method: 'NoneType' object has no attribute 'run_forever'
2022-04-03 11:43:29,618 ERROR :: Binance error in run_forever() method: 'NoneType' object has no attribute 'run_forever'
2022-04-03 11:43:34,813 ERROR :: Binance error in run_forever() method: 'NoneType' object has no attribute 'run_forever'
2022-04-03 11:43:34,813 INFO :: Binance Futures Client successfully Initialized
2022-04-03 11:43:36,835 ERROR :: Binance error in run_forever() method: 'NoneType' object has no attribute 'run_forever'
2022-04-03 11:43:38,846 ERROR :: Binance error in run_forever() method: 'NoneType' object has no attribute 'run_forever'
2022-04-03 11:43:40,854 ERROR :: Binance error in run_forever() method: 'NoneType' object has no attribute 'run_forever'
2022-04-03 11:43:42,864 ERROR :: Binance error in run_forever() method: 'NoneType' object has no attribute 'run_forever'
2022-04-03 11:43:44,872 ERROR :: Binance error in run_forever() method: 'NoneType' object has no attribute 'run_forever'
2022-04-03 11:43:46,880 ERROR :: Binance error in run_forever() method: 'NoneType' object has no attribute 'run_forever'
2022-04-03 11:43:48,887 ERROR :: Binance error in run_forever() method: 'NoneType' object has no attribute 'run_forever'
2022-04-03 11:43:50,901 ERROR :: Binance error in run_forever() method: 'NoneType' object has no attribute 'run_forever'
2022-04-03 11:43:52,913 ERROR :: Binance error in run_forever() method: 'NoneType' object has no attribute 'run_forever'
2022-04-03 11:43:54,919 ERROR :: Binance error in run_forever() method: 'NoneType' object has no attribute 'run_forever'
2022-04-03 11:43:56,924 ERROR :: Binance error in run_forever() method: 'NoneType' object has no attribute 'run_forever'
2022-04-03 11:43:58,934 ERROR :: Binance error in run_forever() method: 'NoneType' object has no attribute 'run_forever'
2022-04-03 11:44:00,940 ERROR :: Binance error in run_forever() method: 'NoneType' object has no attribute 'run_forever'
2022-04-03 11:44:02,953 ERROR :: Binance error in run_forever() method: 'NoneType' object has no attribute 'run_forever'
2022-04-03 11:44:04,961 ERROR :: Binance error in run_forever() method: 'NoneType' object has no attribute 'run_forever'
2022-04-03 11:44:06,965 ERROR :: Binance error in run_forever() method: 'NoneType' object has no attribute 'run_forever'
2022-04-03 11:44:14,299 ERROR :: Binance error in run_forever() method: 'NoneType' object has no attribute 'run_forever'
2022-04-03 11:44:16,314 ERROR :: Binance error in run_forever() method: 'NoneType' object has no attribute 'run_forever'
2022-04-03 11:44:18,319 ERROR :: Binance error in run_forever() method: 'NoneType' object has no attribute 'run_forever'
2022-04-03 11:44:20,332 ERROR :: Binance error in run_forever() method: 'NoneType' object has no attribute 'run_forever'
2022-04-03 11:44:22,335 ERROR :: Binance error in run_forever() method: 'NoneType' object has no attribute 'run_forever'
2022-04-03 11:44:24,337 ERROR :: Binance error in run_forever() method: 'NoneType' object has no attribute 'run_forever'
2022-04-03 11:44:26,348 ERROR :: Binance error in run_forever() method: 'NoneType' object has no attribute 'run_forever'
2022-04-03 11:44:28,369 ERROR :: Binance error in run_forever() method: 'NoneType' object has no attribute 'run_forever'
2022-04-03 11:44:30,383 ERROR :: Binance error in run_forever() method: 'NoneType' object has no attribute 'run_forever'
2022-04-03 11:44:32,394 ERROR :: Binance error in run_forever() method: 'NoneType' object has no attribute 'run_forever'
2022-04-03 11:44:34,397 ERROR :: Binance error in run_forever() method: 'NoneType' object has no attribute 'run_forever'
2022-04-03 11:44:36,403 ERROR :: Binance error in run_forever() method: 'NoneType' object has no attribute 'run_forever'
2022-04-03 11:44:38,418 ERROR :: Binance error in run_forever() method: 'NoneType' object has no attribute 'run_forever'
2022-04-03 11:44:40,432 ERROR :: Binance error in run_forever() method: 'NoneType' object has no attribute 'run_forever'
2022-04-03 11:44:45,873 ERROR :: Binance error in run_forever() method: 'NoneType' object has no attribute 'run_forever'
2022-04-03 11:44:45,873 INFO :: Binance Futures Client successfully Initialized
2022-04-03 11:44:47,876 ERROR :: Binance error in run_forever() method: 'NoneType' object has no attribute 'run_forever'
2022-04-03 11:44:49,878 ERROR :: Binance error in run_forever() method: 'NoneType' object has no attribute 'run_forever'
2022-04-03 11:44:51,891 ERROR :: Binance error in run_forever() method: 'NoneType' object has no attribute 'run_forever'
2022-04-03 11:44:53,897 ERROR :: Binance error in run_forever() method: 'NoneType' object has no attribute 'run_forever'
2022-04-03 11:44:55,908 ERROR :: Binance error in run_forever() method: 'NoneType' object has no attribute 'run_forever'
2022-04-03 11:44:57,914 ERROR :: Binance error in run_forever() method: 'NoneType' object has no attribute 'run_forever'
2022-04-03 11:44:59,922 ERROR :: Binance error in run_forever() method: 'NoneType' object has no attribute 'run_forever'
2022-04-03 11:45:01,936 ERROR :: Binance error in run_forever() method: 'NoneType' object has no attribute 'run_forever'
2022-04-03 11:45:31,531 ERROR :: Binance error in run_forever() method: 'NoneType' object has no attribute 'run_forever'
2022-04-03 11:45:31,532 INFO :: Binance Futures Client successfully Initialized
2022-04-03 11:45:32,552 INFO :: Bitmex Client Successfully Initialized
2022-04-03 11:45:33,817 ERROR :: Binance error in run_forever() method: 'NoneType' object has no attribute 'run_forever'
2022-04-03 11:45:35,845 ERROR :: Binance error in run_forever() method: 'NoneType' object has no attribute 'run_forever'
2022-04-03 11:45:37,854 ERROR :: Binance error in run_forever() method: 'NoneType' object has no attribute 'run_forever'
2022-04-03 11:45:39,866 ERROR :: Binance error in run_forever() method: 'NoneType' object has no attribute 'run_forever'
2022-04-03 11:45:41,867 ERROR :: Binance error in run_forever() method: 'NoneType' object has no attribute 'run_forever'
2022-04-03 11:45:43,869 ERROR :: Binance error in run_forever() method: 'NoneType' object has no attribute 'run_forever'
2022-04-03 11:45:45,873 ERROR :: Binance error in run_forever() method: 'NoneType' object has no attribute 'run_forever'
2022-04-03 11:45:47,876 ERROR :: Binance error in run_forever() method: 'NoneType' object has no attribute 'run_forever'
2022-04-03 11:45:49,886 ERROR :: Binance error in run_forever() method: 'NoneType' object has no attribute 'run_forever'
2022-04-03 11:45:51,890 ERROR :: Binance error in run_forever() method: 'NoneType' object has no attribute 'run_forever'
2022-04-03 11:45:53,905 ERROR :: Binance error in run_forever() method: 'NoneType' object has no attribute 'run_forever'
2022-04-03 11:45:55,911 ERROR :: Binance error in run_forever() method: 'NoneType' object has no attribute 'run_forever'
2022-04-03 11:45:57,924 ERROR :: Binance error in run_forever() method: 'NoneType' object has no attribute 'run_forever'
2022-04-03 11:45:59,928 ERROR :: Binance error in run_forever() method: 'NoneType' object has no attribute 'run_forever'
2022-04-03 11:46:01,937 ERROR :: Binance error in run_forever() method: 'NoneType' object has no attribute 'run_forever'
2022-04-03 11:46:03,943 ERROR :: Binance error in run_forever() method: 'NoneType' object has no attribute 'run_forever'
2022-04-03 11:46:05,948 ERROR :: Binance error in run_forever() method: 'NoneType' object has no attribute 'run_forever'
2022-04-03 11:46:07,959 ERROR :: Binance error in run_forever() method: 'NoneType' object has no attribute 'run_forever'
2022-04-03 11:46:09,972 ERROR :: Binance error in run_forever() method: 'NoneType' object has no attribute 'run_forever'
2022-04-03 11:46:11,985 ERROR :: Binance error in run_forever() method: 'NoneType' object has no attribute 'run_forever'
2022-04-03 11:46:14,001 ERROR :: Binance error in run_forever() method: 'NoneType' object has no attribute 'run_forever'
2022-04-03 11:46:16,006 ERROR :: Binance error in run_forever() method: 'NoneType' object has no attribute 'run_forever'
2022-04-03 11:46:18,009 ERROR :: Binance error in run_forever() method: 'NoneType' object has no attribute 'run_forever'
2022-04-03 11:46:20,019 ERROR :: Binance error in run_forever() method: 'NoneType' object has no attribute 'run_forever'
2022-04-03 11:46:22,031 ERROR :: Binance error in run_forever() method: 'NoneType' object has no attribute 'run_forever'
2022-04-03 11:46:24,035 ERROR :: Binance error in run_forever() method: 'NoneType' object has no attribute 'run_forever'
2022-04-03 11:46:26,048 ERROR :: Binance error in run_forever() method: 'NoneType' object has no attribute 'run_forever'
2022-04-03 11:46:28,078 ERROR :: Binance error in run_forever() method: 'NoneType' object has no attribute 'run_forever'
2022-04-03 11:46:30,093 ERROR :: Binance error in run_forever() method: 'NoneType' object has no attribute 'run_forever'
2022-04-03 11:46:32,095 ERROR :: Binance error in run_forever() method: 'NoneType' object has no attribute 'run_forever'
2022-04-03 11:46:34,098 ERROR :: Binance error in run_forever() method: 'NoneType' object has no attribute 'run_forever'
2022-04-03 11:46:36,110 ERROR :: Binance error in run_forever() method: 'NoneType' object has no attribute 'run_forever'
2022-04-03 11:46:38,116 ERROR :: Binance error in run_forever() method: 'NoneType' object has no attribute 'run_forever'
2022-04-03 11:46:40,126 ERROR :: Binance error in run_forever() method: 'NoneType' object has no attribute 'run_forever'
2022-04-03 11:46:42,129 ERROR :: Binance error in run_forever() method: 'NoneType' object has no attribute 'run_forever'
2022-04-03 11:46:44,140 ERROR :: Binance error in run_forever() method: 'NoneType' object has no attribute 'run_forever'
2022-04-03 11:46:46,150 ERROR :: Binance error in run_forever() method: 'NoneType' object has no attribute 'run_forever'
2022-04-03 11:46:48,161 ERROR :: Binance error in run_forever() method: 'NoneType' object has no attribute 'run_forever'
2022-04-03 11:46:50,166 ERROR :: Binance error in run_forever() method: 'NoneType' object has no attribute 'run_forever'
2022-04-03 11:46:52,171 ERROR :: Binance error in run_forever() method: 'NoneType' object has no attribute 'run_forever'
2022-04-03 11:46:54,182 ERROR :: Binance error in run_forever() method: 'NoneType' object has no attribute 'run_forever'
2022-04-03 11:46:56,190 ERROR :: Binance error in run_forever() method: 'NoneType' object has no attribute 'run_forever'
2022-04-03 11:46:58,206 ERROR :: Binance error in run_forever() method: 'NoneType' object has no attribute 'run_forever'
2022-04-03 11:47:00,209 ERROR :: Binance error in run_forever() method: 'NoneType' object has no attribute 'run_forever'
2022-04-03 11:47:02,441 ERROR :: Binance error in run_forever() method: 'NoneType' object has no attribute 'run_forever'
2022-04-03 11:47:04,449 ERROR :: Binance error in run_forever() method: 'NoneType' object has no attribute 'run_forever'
2022-04-03 11:47:06,451 ERROR :: Binance error in run_forever() method: 'NoneType' object has no attribute 'run_forever'
2022-04-03 11:47:08,459 ERROR :: Binance error in run_forever() method: 'NoneType' object has no attribute 'run_forever'
2022-04-03 11:47:10,471 ERROR :: Binance error in run_forever() method: 'NoneType' object has no attribute 'run_forever'
2022-04-03 11:47:12,480 ERROR :: Binance error in run_forever() method: 'NoneType' object has no attribute 'run_forever'
2022-04-03 11:47:14,482 ERROR :: Binance error in run_forever() method: 'NoneType' object has no attribute 'run_forever'
2022-04-03 11:47:16,487 ERROR :: Binance error in run_forever() method: 'NoneType' object has no attribute 'run_forever'
2022-04-03 11:47:18,489 ERROR :: Binance error in run_forever() method: 'NoneType' object has no attribute 'run_forever'
2022-04-03 11:47:20,494 ERROR :: Binance error in run_forever() method: 'NoneType' object has no attribute 'run_forever'
2022-04-03 11:47:22,496 ERROR :: Binance error in run_forever() method: 'NoneType' object has no attribute 'run_forever'
2022-04-03 11:47:24,501 ERROR :: Binance error in run_forever() method: 'NoneType' object has no attribute 'run_forever'
2022-04-03 11:47:26,505 ERROR :: Binance error in run_forever() method: 'NoneType' object has no attribute 'run_forever'
2022-04-03 11:47:28,510 ERROR :: Binance error in run_forever() method: 'NoneType' object has no attribute 'run_forever'
2022-04-03 11:47:30,523 ERROR :: Binance error in run_forever() method: 'NoneType' object has no attribute 'run_forever'
2022-04-03 11:47:32,537 ERROR :: Binance error in run_forever() method: 'NoneType' object has no attribute 'run_forever'
2022-04-03 11:47:34,543 ERROR :: Binance error in run_forever() method: 'NoneType' object has no attribute 'run_forever'
2022-04-03 11:47:36,553 ERROR :: Binance error in run_forever() method: 'NoneType' object has no attribute 'run_forever'
2022-04-03 11:47:38,556 ERROR :: Binance error in run_forever() method: 'NoneType' object has no attribute 'run_forever'
2022-04-03 11:47:40,560 ERROR :: Binance error in run_forever() method: 'NoneType' object has no attribute 'run_forever'
2022-04-03 11:47:42,573 ERROR :: Binance error in run_forever() method: 'NoneType' object has no attribute 'run_forever'
2022-04-03 11:47:44,589 ERROR :: Binance error in run_forever() method: 'NoneType' object has no attribute 'run_forever'
2022-04-03 11:47:46,592 ERROR :: Binance error in run_forever() method: 'NoneType' object has no attribute 'run_forever'
2022-04-03 11:47:48,606 ERROR :: Binance error in run_forever() method: 'NoneType' object has no attribute 'run_forever'
2022-04-03 11:47:52,235 ERROR :: Binance error in run_forever() method: 'NoneType' object has no attribute 'run_forever'
2022-04-03 11:47:52,235 INFO :: Binance Futures Client successfully Initialized
2022-04-03 11:47:54,239 ERROR :: Binance error in run_forever() method: 'NoneType' object has no attribute 'run_forever'
2022-04-03 11:47:56,251 ERROR :: Binance error in run_forever() method: 'NoneType' object has no attribute 'run_forever'
2022-04-03 11:47:58,253 ERROR :: Binance error in run_forever() method: 'NoneType' object has no attribute 'run_forever'
2022-04-03 11:48:00,260 ERROR :: Binance error in run_forever() method: 'NoneType' object has no attribute 'run_forever'
2022-04-03 11:48:02,264 ERROR :: Binance error in run_forever() method: 'NoneType' object has no attribute 'run_forever'
2022-04-03 11:48:04,274 ERROR :: Binance error in run_forever() method: 'NoneType' object has no attribute 'run_forever'
2022-04-03 11:48:06,284 ERROR :: Binance error in run_forever() method: 'NoneType' object has no attribute 'run_forever'
2022-04-03 11:48:08,295 ERROR :: Binance error in run_forever() method: 'NoneType' object has no attribute 'run_forever'
2022-04-03 11:48:11,164 ERROR :: Binance error in run_forever() method: 'NoneType' object has no attribute 'run_forever'
2022-04-03 11:48:11,164 INFO :: Binance Futures Client successfully Initialized
2022-04-03 11:48:13,170 ERROR :: Binance error in run_forever() method: 'NoneType' object has no attribute 'run_forever'
2022-04-03 11:48:15,187 ERROR :: Binance error in run_forever() method: 'NoneType' object has no attribute 'run_forever'
2022-04-03 11:48:17,190 ERROR :: Binance error in run_forever() method: 'NoneType' object has no attribute 'run_forever'
2022-04-03 11:51:07,797 ERROR :: Binance error in run_forever() method: 'NoneType' object has no attribute 'run_forever'
2022-04-03 11:51:07,800 INFO :: Binance Futures Client successfully Initialized
2022-04-03 11:51:09,811 ERROR :: Binance error in run_forever() method: 'NoneType' object has no attribute 'run_forever'
2022-04-03 11:51:10,104 INFO :: Bitmex Client Successfully Initialized
2022-04-03 11:51:11,816 ERROR :: Binance error in run_forever() method: 'NoneType' object has no attribute 'run_forever'
2022-04-03 11:51:13,824 ERROR :: Binance error in run_forever() method: 'NoneType' object has no attribute 'run_forever'
2022-04-03 11:51:15,828 ERROR :: Binance error in run_forever() method: 'NoneType' object has no attribute 'run_forever'
2022-04-03 11:51:17,840 ERROR :: Binance error in run_forever() method: 'NoneType' object has no attribute 'run_forever'
2022-04-03 11:51:19,842 ERROR :: Binance error in run_forever() method: 'NoneType' object has no attribute 'run_forever'
2022-04-03 11:51:21,849 ERROR :: Binance error in run_forever() method: 'NoneType' object has no attribute 'run_forever'
2022-04-03 11:51:23,855 ERROR :: Binance error in run_forever() method: 'NoneType' object has no attribute 'run_forever'
2022-04-03 11:56:43,074 INFO :: Binance Futures Client successfully Initialized
2022-04-03 11:56:43,939 INFO :: Binance connection opened
2022-04-03 11:56:44,420 INFO :: Bitmex Client Successfully Initialized
